2023-07-24 11:07:541 INFO  StartPage :28 - Clicking on start now : [[ChromeDriver: chrome on windows (2491070885bf470fca9a1251cef68959)] -> partial link text: Start n]
2023-07-24 11:07:685 INFO  StartPage :28 - Clicking on start now : [[ChromeDriver: chrome on windows (b12ed1dff7bed17a92e1332e170388f5)] -> partial link text: Start n]
2023-07-24 11:07:139 INFO  StartPage :28 - Clicking on start now : [[ChromeDriver: chrome on windows (18dd4587bfaeccd2ad961ae91e203f77)] -> partial link text: Start n]
2023-07-24 11:07:375 INFO  SelectNationalityPage :26 - Click on Nationality dropdown list : [[ChromeDriver: chrome on windows (18dd4587bfaeccd2ad961ae91e203f77)] -> tag name: select]
2023-07-24 11:07:642 INFO  StartPage :28 - Clicking on start now : [[ChromeDriver: chrome on windows (7012aa9899a9ecd2105fae498b97feb9)] -> partial link text: Start n]
2023-07-24 14:07:574 INFO  StartPage :25 - Clicking on start now : [[ChromeDriver: chrome on windows (153c9adaf3827d3d8a63676871422f31)] -> partial link text: Start n]
2023-07-24 14:07:609 INFO  StartPage :25 - Clicking on start now : [[ChromeDriver: chrome on windows (4eeba3a78e4160d8047b5d9f2573a1fa)] -> partial link text: Start n]
2023-07-24 14:07:723 INFO  SelectNationalityPage :26 - Click on Nationality dropdown list : [[ChromeDriver: chrome on windows (4eeba3a78e4160d8047b5d9f2573a1fa)] -> tag name: select]
2023-07-24 14:07:572 INFO  StartPage :25 - Clicking on start now : [[ChromeDriver: chrome on windows (129ad305d39f1a6d089906998351dd61)] -> partial link text: Start n]
2023-07-24 14:07:680 INFO  SelectNationalityPage :26 - Click on Nationality dropdown list : [[ChromeDriver: chrome on windows (129ad305d39f1a6d089906998351dd61)] -> tag name: select]
2023-07-24 14:07:772 INFO  SelectNationalityPage :31 - Click on Continue button : [[ChromeDriver: chrome on windows (129ad305d39f1a6d089906998351dd61)] -> xpath: //button[text()='Continue']]
2023-07-24 14:07:120 INFO  StartPage :25 - Clicking on start now : [[ChromeDriver: chrome on windows (285d9e3ef98f1db37e99270176e7b200)] -> partial link text: Start n]
2023-07-24 14:07:246 INFO  SelectNationalityPage :26 - Click on Nationality dropdown list : [[ChromeDriver: chrome on windows (285d9e3ef98f1db37e99270176e7b200)] -> tag name: select]
2023-07-24 14:07:353 INFO  SelectNationalityPage :31 - Click on Continue button : [[ChromeDriver: chrome on windows (285d9e3ef98f1db37e99270176e7b200)] -> xpath: //button[text()='Continue']]
2023-07-24 14:07:395 INFO  StartPage :32 - Select reason for visit.Tourismfrom options[]
2023-07-24 14:07:416 INFO  StartPage :42 - Click on continue button.[[ChromeDriver: chrome on windows (285d9e3ef98f1db37e99270176e7b200)] -> xpath: //button[contains(text(),'Continue')]]
2023-07-24 14:07:96 INFO  StartPage :25 - Clicking on start now : [[ChromeDriver: chrome on windows (6e49a59359f3e26c6e34bd8e8e410dc1)] -> partial link text: Start n]
2023-07-24 14:07:207 INFO  SelectNationalityPage :26 - Click on Nationality dropdown list : [[ChromeDriver: chrome on windows (6e49a59359f3e26c6e34bd8e8e410dc1)] -> tag name: select]
2023-07-24 14:07:292 INFO  SelectNationalityPage :31 - Click on Continue button : [[ChromeDriver: chrome on windows (6e49a59359f3e26c6e34bd8e8e410dc1)] -> xpath: //button[text()='Continue']]
2023-07-24 14:07:331 INFO  StartPage :32 - Select reason for visit.Tourismfrom options[]
2023-07-24 14:07:347 INFO  StartPage :42 - Click on continue button.[[ChromeDriver: chrome on windows (6e49a59359f3e26c6e34bd8e8e410dc1)] -> xpath: //button[contains(text(),'Continue')]]
2023-07-24 14:07:469 INFO  StartPage :29 - Get result message.Proxy element for: DefaultElementLocator 'By.xpath: //h2[contains(text(),'You will not need a visa to come to the UK')]'
2023-07-24 14:07:220 INFO  StartPage :25 - Clicking on start now : [[ChromeDriver: chrome on windows (40e13392e24e7bb81500335c8479899f)] -> partial link text: Start n]
2023-07-24 14:07:328 INFO  SelectNationalityPage :26 - Click on Nationality dropdown list : [[ChromeDriver: chrome on windows (40e13392e24e7bb81500335c8479899f)] -> tag name: select]
2023-07-24 14:07:411 INFO  SelectNationalityPage :31 - Click on Continue button : [[ChromeDriver: chrome on windows (40e13392e24e7bb81500335c8479899f)] -> xpath: //button[text()='Continue']]
2023-07-24 14:07:422 INFO  StartPage :32 - Select reason for visit.Tourismfrom options[]
2023-07-24 14:07:437 INFO  StartPage :42 - Click on continue button.[[ChromeDriver: chrome on windows (40e13392e24e7bb81500335c8479899f)] -> xpath: //button[contains(text(),'Continue')]]
2023-07-24 14:07:663 INFO  StartPage :29 - Get result message.Proxy element for: DefaultElementLocator 'By.xpath: //h2[contains(text(),'You will not need a visa to come to the UK')]'
2023-07-24 14:07:560 INFO  StartPage :25 - Clicking on start now : [[ChromeDriver: chrome on windows (60d146e9e405a87fd4c4f5fab943fdf6)] -> partial link text: Start n]
2023-07-24 14:07:783 INFO  SelectNationalityPage :26 - Click on Nationality dropdown list : [[ChromeDriver: chrome on windows (60d146e9e405a87fd4c4f5fab943fdf6)] -> tag name: select]
2023-07-24 14:07:881 INFO  SelectNationalityPage :31 - Click on Continue button : [[ChromeDriver: chrome on windows (60d146e9e405a87fd4c4f5fab943fdf6)] -> xpath: //button[text()='Continue']]
2023-07-24 14:07:921 INFO  StartPage :32 - Select reason for visit.Tourismfrom options[]
2023-07-24 14:07:942 INFO  StartPage :42 - Click on continue button.[[ChromeDriver: chrome on windows (60d146e9e405a87fd4c4f5fab943fdf6)] -> xpath: //button[contains(text(),'Continue')]]
2023-07-24 14:07:222 INFO  StartPage :29 - Get result message.Proxy element for: DefaultElementLocator 'By.xpath: //h2[contains(text(),'You will not need a visa to come to the UK')]'
